#-----------------------------------------------------------
# Vivado v2020.2 (64-bit)
# SW Build 3064766 on Wed Nov 18 09:12:45 MST 2020
# IP Build 3064653 on Wed Nov 18 14:17:31 MST 2020
# Start of session at: Thu Jun  2 09:47:55 2022
# Process ID: 1544
# Current directory: D:/proj/5.2CPU/mySCPU
# Command line: vivado.exe -gui_launcher_event rodinguilauncherevent7060 D:\proj\5.2CPU\mySCPU\mySCPU.xpr
# Log file: D:/proj/5.2CPU/mySCPU/vivado.log
# Journal file: D:/proj/5.2CPU/mySCPU\vivado.jou
#-----------------------------------------------------------
start_gui
open_project D:/proj/5.2CPU/mySCPU/mySCPU.xpr
WARNING: [filemgmt 56-3] Default IP Output Path : Could not find the directory 'D:/proj/5.2CPU/mySCPU/mySCPU.gen/sources_1'.
Scanning sources...
Finished scanning sources
INFO: [IP_Flow 19-234] Refreshing IP repositories
INFO: [IP_Flow 19-1704] No user IP repositories specified
INFO: [IP_Flow 19-2313] Loaded Vivado IP repository 'C:/Xilinx/Vivado/2020.2/data/ip'.
open_project: Time (s): cpu = 00:00:18 ; elapsed = 00:00:08 . Memory (MB): peak = 1088.633 ; gain = 0.000
update_compile_order -fileset sources_1
ipx::package_project -root_dir D:/proj/5.2CPU/mySCPU/mySCPU.srcs/sources_1/new -vendor xilinx.com -library user -taxonomy /UserIP -import_files -set_current false
INFO: [IP_Flow 19-5107] Inferred bus interface 'rst' of definition 'xilinx.com:signal:reset:1.0' (from Xilinx Repository).
INFO: [IP_Flow 19-5107] Inferred bus interface 'clk' of definition 'xilinx.com:signal:clock:1.0' (from Xilinx Repository).
INFO: [IP_Flow 19-4728] Bus Interface 'clk': Added interface parameter 'ASSOCIATED_RESET' with value 'rst'.
WARNING: [IP_Flow 19-5661] Bus Interface 'clk' does not have any bus interfaces associated with it.
INFO: [IP_Flow 19-2181] Payment Required is not set for this core.
INFO: [IP_Flow 19-2187] The Product Guide file is missing.
ipx::unload_core d:/proj/5.2CPU/mySCPU/mySCPU.srcs/sources_1/new/component.xml
ipx::edit_ip_in_project -upgrade true -name tmp_edit_project -directory D:/proj/5.2CPU/mySCPU/mySCPU.srcs/sources_1/new d:/proj/5.2CPU/mySCPU/mySCPU.srcs/sources_1/new/component.xml
INFO: [IP_Flow 19-234] Refreshing IP repositories
INFO: [IP_Flow 19-1704] No user IP repositories specified
INFO: [IP_Flow 19-2313] Loaded Vivado IP repository 'C:/Xilinx/Vivado/2020.2/data/ip'.
INFO: [IP_Flow 19-795] Syncing license key meta-data
ipx::edit_ip_in_project: Time (s): cpu = 00:00:13 ; elapsed = 00:00:06 . Memory (MB): peak = 1088.633 ; gain = 0.000
update_compile_order -fileset sources_1
ipx::add_bus_parameter POLARITY [ipx::get_bus_interfaces rst -of_objects [ipx::current_core]]
ipx::add_bus_parameter ASSOCIATED_BUSIF [ipx::get_bus_interfaces clk -of_objects [ipx::current_core]]
set_property core_revision 2 [ipx::current_core]
ipx::update_source_project_archive -component [ipx::current_core]
ipx::create_xgui_files [ipx::current_core]
ipx::update_checksums [ipx::current_core]
ipx::check_integrity [ipx::current_core]
INFO: [IP_Flow 19-2181] Payment Required is not set for this core.
INFO: [IP_Flow 19-2187] The Product Guide file is missing.
INFO: [Ipptcl 7-1486] check_integrity: Integrity check passed.
ipx::save_core [ipx::current_core]
ipx::move_temp_component_back -component [ipx::current_core]
close_project -delete
set_property  ip_repo_paths  d:/proj/5.2CPU/mySCPU/mySCPU.srcs/sources_1/new [current_project]
update_ip_catalog
INFO: [IP_Flow 19-234] Refreshing IP repositories
INFO: [IP_Flow 19-1700] Loaded user IP repository 'd:/proj/5.2CPU/mySCPU/mySCPU.srcs/sources_1/new'.
exit
INFO: [Common 17-206] Exiting Vivado at Thu Jun  2 10:41:36 2022...
