#-----------------------------------------------------------
# Vivado v2020.2 (64-bit)
# SW Build 3064766 on Wed Nov 18 09:12:45 MST 2020
# IP Build 3064653 on Wed Nov 18 14:17:31 MST 2020
# Start of session at: Thu May 19 15:31:09 2022
# Process ID: 27860
# Current directory: D:/proj/4.3CPU/mySCPU
# Command line: vivado.exe -gui_launcher_event rodinguilauncherevent12088 D:\proj\4.3CPU\mySCPU\mySCPU.xpr
# Log file: D:/proj/4.3CPU/mySCPU/vivado.log
# Journal file: D:/proj/4.3CPU/mySCPU\vivado.jou
#-----------------------------------------------------------
start_gui
open_project D:/proj/4.3CPU/mySCPU/mySCPU.xpr
WARNING: [filemgmt 56-3] Default IP Output Path : Could not find the directory 'D:/proj/4.3CPU/mySCPU/mySCPU.gen/sources_1'.
Scanning sources...
Finished scanning sources
INFO: [IP_Flow 19-234] Refreshing IP repositories
INFO: [IP_Flow 19-1704] No user IP repositories specified
INFO: [IP_Flow 19-2313] Loaded Vivado IP repository 'C:/Xilinx/Vivado/2020.2/data/ip'.
open_project: Time (s): cpu = 00:00:31 ; elapsed = 00:00:15 . Memory (MB): peak = 1089.055 ; gain = 0.000
update_compile_order -fileset sources_1
