#-----------------------------------------------------------
# Vivado v2020.2 (64-bit)
# SW Build 3064766 on Wed Nov 18 09:12:45 MST 2020
# IP Build 3064653 on Wed Nov 18 14:17:31 MST 2020
# Start of session at: Tue May 17 09:53:47 2022
# Process ID: 16480
# Current directory: D:/proj/4.4CPU/mySCPU
# Command line: vivado.exe -gui_launcher_event rodinguilauncherevent3932 D:\proj\4.4CPU\mySCPU\mySCPU.xpr
# Log file: D:/proj/4.4CPU/mySCPU/vivado.log
# Journal file: D:/proj/4.4CPU/mySCPU\vivado.jou
#-----------------------------------------------------------
start_gui
open_project D:/proj/4.4CPU/mySCPU/mySCPU.xpr
WARNING: [filemgmt 56-3] Default IP Output Path : Could not find the directory 'D:/proj/4.4CPU/mySCPU/mySCPU.gen/sources_1'.
Scanning sources...
Finished scanning sources
INFO: [IP_Flow 19-234] Refreshing IP repositories
INFO: [IP_Flow 19-1700] Loaded user IP repository 'd:/proj/4.4CPU/mySCPU/mySCPU.srcs/sources_1/new'.
INFO: [IP_Flow 19-2313] Loaded Vivado IP repository 'C:/Xilinx/Vivado/2020.2/data/ip'.
open_project: Time (s): cpu = 00:00:15 ; elapsed = 00:00:07 . Memory (MB): peak = 1089.609 ; gain = 0.000
update_compile_order -fileset sources_1
exit
INFO: [Common 17-206] Exiting Vivado at Tue May 17 09:55:45 2022...
